#
# A fatal error has been detected by the Java Runtime Environment:
#
#  EXCEPTION_ACCESS_VIOLATION (0xc0000005) at pc=0x0000000061fe0fb0, pid=3616, tid=5800
#
# JRE version: 7.0_21-b11
# Java VM: Java HotSpot(TM) 64-Bit Server VM (23.21-b01 mixed mode windows-amd64 compressed oops)
# Problematic frame:
# V  [jvm.dll+0x80fb0]
#
# Failed to write core dump. Minidumps are not enabled by default on client versions of Windows
#
# If you would like to submit a bug report, please visit:
#   http://bugreport.sun.com/bugreport/crash.jsp
#

---------------  T H R E A D  ---------------

Current thread (0x000000001354f000):  JavaThread "AWT-EventQueue-1" [_thread_in_vm, id=5800, stack(0x0000000017580000,0x0000000017680000)]

siginfo: ExceptionCode=0xc0000005, reading address 0x0000000000000f9c

Registers:
RAX=0x00000000134fa1c8, RBX=0x00000000134fa1c0, RCX=0x0000000000000f70, RDX=0x00000000134fa1b0
RSP=0x000000001767c730, RBP=0x000000000000019a, RSI=0x000000001354fba0, RDI=0x0000000000000000
R8 =0x00000000134fa1a8, R9 =0x00000000134fa180, R10=0x000000000009ce30, R11=0x000000001767c808
R12=0x000000001354f000, R13=0x0000000000000f70, R14=0x0000000000000001, R15=0x000000001767c950
RIP=0x0000000061fe0fb0, EFLAGS=0x0000000000010202

Top of Stack: (sp=0x000000001767c730)
0x000000001767c730:   00009a0e3c65839b 00000000024063d3
0x000000001767c740:   000000001767c8b0 000000006212c78f
0x000000001767c750:   00000006fb413529 000000001767c7b0
0x000000001767c760:   00009a0e3c6583db 0000000000000000
0x000000001767c770:   000000001354f000 00000006fb926360
0x000000001767c780:   00000000134fa198 000000001354fba0
0x000000001767c790:   00000000132e5060 00000000132e36b0
0x000000001767c7a0:   000000001767c950 0000000061fe1bda
0x000000001767c7b0:   000000001354f000 00000000134fa1b0
0x000000001767c7c0:   00000000134fa198 000000001767c870
0x000000001767c7d0:   00000000134fa1a8 0000000062012101
0x000000001767c7e0:   000000001354f000 000000001354f000
0x000000001767c7f0:   00000000134fa1b0 0000000000000000
0x000000001767c800:   00000000134fa1a0 0000000061fe2fae
0x000000001767c810:   00000000134fa1a8 00000000134fa180
0x000000001767c820:   00000000134fa1a8 00000000134fa198 

Instructions: (pc=0x0000000061fe0fb0)
0x0000000061fe0f90:   9f 00 00 48 89 6e 08 4c 89 6e 10 4c 89 76 18 e9
0x0000000061fe0fa0:   d7 00 00 00 45 84 f6 0f 84 ad 00 00 00 48 8b 0b
0x0000000061fe0fb0:   8b 41 2c c1 e8 0a a8 01 0f 84 9c 00 00 00 49 8b
0x0000000061fe0fc0:   b4 24 08 01 00 00 48 8b 41 10 48 8b 49 18 0f b7 


Register to memory mapping:

RAX=0x00000000134fa1c8 is an unknown value
RBX=0x00000000134fa1c0 is an unknown value
RCX=0x0000000000000f70 is an unknown value
RDX=0x00000000134fa1b0 is an unknown value
RSP=0x000000001767c730 is pointing into the stack for thread: 0x000000001354f000
RBP=0x000000000000019a is an unknown value
RSI=0x000000001354fba0 is an unknown value
RDI=0x0000000000000000 is an unknown value
R8 =0x00000000134fa1a8 is an unknown value
R9 =0x00000000134fa180 is an unknown value
R10=0x000000000009ce30 is an unknown value
R11=0x000000001767c808 is pointing into the stack for thread: 0x000000001354f000
R12=0x000000001354f000 is a thread
R13=0x0000000000000f70 is an unknown value
R14=0x0000000000000001 is an unknown value
R15=0x000000001767c950 is pointing into the stack for thread: 0x000000001354f000


Stack: [0x0000000017580000,0x0000000017680000],  sp=0x000000001767c730,  free space=1009k
Native frames: (J=compiled Java code, j=interpreted, Vv=VM code, C=native code)
V  [jvm.dll+0x80fb0]

Java frames: (J=compiled Java code, j=interpreted, Vv=VM code)
j  java.awt.DefaultKeyboardFocusManager.dispatchEvent(Ljava/awt/AWTEvent;)Z+1395
j  java.awt.Component.dispatchEventImpl(Ljava/awt/AWTEvent;)V+144
j  java.awt.Container.dispatchEventImpl(Ljava/awt/AWTEvent;)V+42
j  java.awt.Window.dispatchEventImpl(Ljava/awt/AWTEvent;)V+19
j  java.awt.Component.dispatchEvent(Ljava/awt/AWTEvent;)V+2
j  java.awt.EventQueue.dispatchEventImpl(Ljava/awt/AWTEvent;Ljava/lang/Object;)V+41
j  java.awt.EventQueue.access$200(Ljava/awt/EventQueue;Ljava/awt/AWTEvent;Ljava/lang/Object;)V+3
j  java.awt.EventQueue$3.run()Ljava/lang/Void;+12
j  java.awt.EventQueue$3.run()Ljava/lang/Object;+1
v  ~StubRoutines::call_stub
j  java.security.AccessController.doPrivileged(Ljava/security/PrivilegedAction;Ljava/security/AccessControlContext;)Ljava/lang/Object;+0
j  java.security.ProtectionDomain$1.doIntersectionPrivilege(Ljava/security/PrivilegedAction;Ljava/security/AccessControlContext;Ljava/security/AccessControlContext;)Ljava/lang/Object;+28
j  java.security.ProtectionDomain$1.doIntersectionPrivilege(Ljava/security/PrivilegedAction;Ljava/security/AccessControlContext;)Ljava/lang/Object;+6
j  java.awt.EventQueue$4.run()Ljava/lang/Void;+11
j  java.awt.EventQueue$4.run()Ljava/lang/Object;+1
v  ~StubRoutines::call_stub
j  java.security.AccessController.doPrivileged(Ljava/security/PrivilegedAction;Ljava/security/AccessControlContext;)Ljava/lang/Object;+0
j  java.security.ProtectionDomain$1.doIntersectionPrivilege(Ljava/security/PrivilegedAction;Ljava/security/AccessControlContext;Ljava/security/AccessControlContext;)Ljava/lang/Object;+28
j  java.awt.EventQueue.dispatchEvent(Ljava/awt/AWTEvent;)V+73
j  java.awt.SequencedEvent.dispatch()V+110
j  java.awt.EventQueue.dispatchEventImpl(Ljava/awt/AWTEvent;Ljava/lang/Object;)V+21
j  java.awt.EventQueue.access$200(Ljava/awt/EventQueue;Ljava/awt/AWTEvent;Ljava/lang/Object;)V+3
j  java.awt.EventQueue$3.run()Ljava/lang/Void;+12
j  java.awt.EventQueue$3.run()Ljava/lang/Object;+1
v  ~StubRoutines::call_stub
j  java.security.AccessController.doPrivileged(Ljava/security/PrivilegedAction;Ljava/security/AccessControlContext;)Ljava/lang/Object;+0
j  java.security.ProtectionDomain$1.doIntersectionPrivilege(Ljava/security/PrivilegedAction;Ljava/security/AccessControlContext;Ljava/security/AccessControlContext;)Ljava/lang/Object;+28
j  java.security.ProtectionDomain$1.doIntersectionPrivilege(Ljava/security/PrivilegedAction;Ljava/security/AccessControlContext;)Ljava/lang/Object;+6
j  java.awt.EventQueue$4.run()Ljava/lang/Void;+11
j  java.awt.EventQueue$4.run()Ljava/lang/Object;+1
v  ~StubRoutines::call_stub
j  java.security.AccessController.doPrivileged(Ljava/security/PrivilegedAction;Ljava/security/AccessControlContext;)Ljava/lang/Object;+0
j  java.security.ProtectionDomain$1.doIntersectionPrivilege(Ljava/security/PrivilegedAction;Ljava/security/AccessControlContext;Ljava/security/AccessControlContext;)Ljava/lang/Object;+28
j  java.awt.EventQueue.dispatchEvent(Ljava/awt/AWTEvent;)V+73
j  java.awt.EventDispatchThread.pumpOneEventForFilters(I)V+245
j  java.awt.EventDispatchThread.pumpEventsForFilter(ILjava/awt/Conditional;Ljava/awt/EventFilter;)V+35
j  java.awt.EventDispatchThread.pumpEventsForHierarchy(ILjava/awt/Conditional;Ljava/awt/Component;)V+11
j  java.awt.EventDispatchThread.pumpEvents(ILjava/awt/Conditional;)V+4
j  java.awt.EventDispatchThread.pumpEvents(Ljava/awt/Conditional;)V+3
j  java.awt.EventDispatchThread.run()V+9
v  ~StubRoutines::call_stub

---------------  P R O C E S S  ---------------

Java Threads: ( => current thread )
  0x00000000132b8800 JavaThread "D3D Screen Updater" daemon [_thread_blocked, id=7088, stack(0x0000000017480000,0x0000000017580000)]
=>0x000000001354f000 JavaThread "AWT-EventQueue-1" [_thread_in_vm, id=5800, stack(0x0000000017580000,0x0000000017680000)]
  0x000000000011d000 JavaThread "DestroyJavaVM" [_thread_blocked, id=6364, stack(0x0000000002300000,0x0000000002400000)]
  0x00000000134ee800 JavaThread "AWT-EventQueue-0" [_thread_blocked, id=1988, stack(0x0000000015af0000,0x0000000015bf0000)]
  0x00000000134d8800 JavaThread "thread applet-MainApplet.class" [_thread_blocked, id=5892, stack(0x00000000159d0000,0x0000000015ad0000)]
  0x00000000134b2000 JavaThread "AWT-Windows" daemon [_thread_in_native, id=480, stack(0x00000000141f0000,0x00000000142f0000)]
  0x00000000134af000 JavaThread "AWT-Shutdown" [_thread_blocked, id=4604, stack(0x0000000013c00000,0x0000000013d00000)]
  0x00000000134ac000 JavaThread "Java2D Disposer" daemon [_thread_blocked, id=6016, stack(0x0000000013f30000,0x0000000014030000)]
  0x00000000132d5800 JavaThread "Service Thread" daemon [_thread_blocked, id=5940, stack(0x0000000013850000,0x0000000013950000)]
  0x00000000132b7800 JavaThread "C2 CompilerThread1" daemon [_thread_blocked, id=1748, stack(0x0000000013ac0000,0x0000000013bc0000)]
  0x000000001329c000 JavaThread "C2 CompilerThread0" daemon [_thread_blocked, id=6140, stack(0x0000000013970000,0x0000000013a70000)]
  0x000000001329b000 JavaThread "Attach Listener" daemon [_thread_blocked, id=4576, stack(0x0000000012cc0000,0x0000000012dc0000)]
  0x000000001329a000 JavaThread "Signal Dispatcher" daemon [_thread_blocked, id=1484, stack(0x0000000013710000,0x0000000013810000)]
  0x00000000112e7800 JavaThread "Finalizer" daemon [_thread_blocked, id=3392, stack(0x0000000013150000,0x0000000013250000)]
  0x00000000112df000 JavaThread "Reference Handler" daemon [_thread_blocked, id=1708, stack(0x0000000012f80000,0x0000000013080000)]

Other Threads:
  0x00000000112d5800 VMThread [stack: 0x0000000012e70000,0x0000000012f70000] [id=4884]
  0x00000000132de800 WatcherThread [stack: 0x0000000013d40000,0x0000000013e40000] [id=3384]

VM state:not at safepoint (normal execution)

VM Mutex/Monitor currently owned by a thread: None

Heap
 PSYoungGen      total 76352K, used 14501K [0x00000007aac00000, 0x00000007b0130000, 0x0000000800000000)
  eden space 65472K, 22% used [0x00000007aac00000,0x00000007aba29780,0x00000007aebf0000)
  from space 10880K, 0% used [0x00000007af690000,0x00000007af690000,0x00000007b0130000)
  to   space 10880K, 0% used [0x00000007aebf0000,0x00000007aebf0000,0x00000007af690000)
 ParOldGen       total 174592K, used 0K [0x0000000700400000, 0x000000070ae80000, 0x00000007aac00000)
  object space 174592K, 0% used [0x0000000700400000,0x0000000700400000,0x000000070ae80000)
 PSPermGen       total 21248K, used 7648K [0x00000006fb200000, 0x00000006fc6c0000, 0x0000000700400000)
  object space 21248K, 35% used [0x00000006fb200000,0x00000006fb9780b8,0x00000006fc6c0000)

Card table byte_map: [0x0000000005400000,0x0000000005c30000] byte_map_base: 0x0000000001c27000

Polling page: 0x0000000000100000

Code Cache  [0x0000000002400000, 0x0000000002670000, 0x0000000005400000)
 total_blobs=387 nmethods=9 adapters=330 free_code_cache=48651Kb largest_free_block=49805952

Compilation events (10 events):
Event: 0.610 Thread 0x00000000132b7800    5             java.lang.String::indexOf (70 bytes)
Event: 0.617 Thread 0x00000000132b7800 nmethod 5 0x0000000002473110 code [0x0000000002473260, 0x0000000002473408]
Event: 0.636 Thread 0x000000001329c000    6             java.lang.String::equals (81 bytes)
Event: 0.637 Thread 0x00000000132b7800    7             java.io.Win32FileSystem::normalize (143 bytes)
Event: 0.648 Thread 0x000000001329c000 nmethod 6 0x0000000002472c10 code [0x0000000002472d60, 0x0000000002472fd8]
Event: 0.648 Thread 0x000000001329c000    8             java.lang.Object::<init> (1 bytes)
Event: 0.649 Thread 0x000000001329c000 nmethod 8 0x00000000024729d0 code [0x0000000002472b00, 0x0000000002472b98]
Event: 0.650 Thread 0x00000000132b7800 nmethod 7 0x0000000002476350 code [0x00000000024764c0, 0x00000000024767f0]
Event: 0.851 Thread 0x000000001329c000    9             java.util.Arrays::binarySearch0 (95 bytes)
Event: 0.858 Thread 0x000000001329c000 nmethod 9 0x0000000002480090 code [0x00000000024801e0, 0x0000000002480398]

GC Heap History (0 events):
No events

Deoptimization events (0 events):
No events

Internal exceptions (10 events):
Event: 0.256 Thread 0x000000000011d000 Threw 0x00000007aac7b670 at C:\jdk7u2_64p\jdk7u21\hotspot\src\share\vm\prims\jvm.cpp:1166
Event: 0.256 Thread 0x000000000011d000 Threw 0x00000007aac7c3f0 at C:\jdk7u2_64p\jdk7u21\hotspot\src\share\vm\prims\jvm.cpp:1166
Event: 0.332 Thread 0x000000000011d000 Threw 0x00000007aacba650 at C:\jdk7u2_64p\jdk7u21\hotspot\src\share\vm\prims\jni.cpp:716
Event: 0.482 Thread 0x000000000011d000 Threw 0x00000007aacdf338 at C:\jdk7u2_64p\jdk7u21\hotspot\src\share\vm\prims\jni.cpp:716
Event: 0.633 Thread 0x000000000011d000 Threw 0x00000007aad44f80 at C:\jdk7u2_64p\jdk7u21\hotspot\src\share\vm\prims\jvm.cpp:1166
Event: 0.635 Thread 0x000000000011d000 Threw 0x00000007aad45f90 at C:\jdk7u2_64p\jdk7u21\hotspot\src\share\vm\prims\jvm.cpp:1166
Event: 0.637 Thread 0x000000000011d000 Threw 0x00000007ab11ee80 at C:\jdk7u2_64p\jdk7u21\hotspot\src\share\vm\prims\jvm.cpp:1166
Event: 0.638 Thread 0x000000000011d000 Threw 0x00000007ab11ff88 at C:\jdk7u2_64p\jdk7u21\hotspot\src\share\vm\prims\jvm.cpp:1166
Event: 0.791 Thread 0x0000000013549000 Threw 0x00000007ab4f3f90 at C:\jdk7u2_64p\jdk7u21\hotspot\src\share\vm\prims\jvm.cpp:1166
Event: 4.764 Thread 0x000000001354f000 Threw 0x00000007ab657ba0 at C:\jdk7u2_64p\jdk7u21\hotspot\src\share\vm\prims\jvm.cpp:1166

Events (10 events):
Event: 4.769 loading class 0x0000000013381e30
Event: 4.769 loading class 0x000000001348d980
Event: 4.769 loading class 0x000000001348d980 done
Event: 4.769 loading class 0x0000000013381e30 done
Event: 4.769 loading class 0x0000000013553020
Event: 4.770 loading class 0x000000001348dad0
Event: 4.770 loading class 0x000000001348dad0 done
Event: 4.770 loading class 0x0000000013553020 done
Event: 5.138 Executing VM operation: EnableBiasedLocking
Event: 5.139 Executing VM operation: EnableBiasedLocking done


Dynamic libraries:
0x000000013f3d0000 - 0x000000013f403000 	C:\Program Files\Java\jre7\bin\javaw.exe
0x0000000077280000 - 0x0000000077429000 	C:\Windows\SYSTEM32\ntdll.dll
0x0000000077160000 - 0x000000007727f000 	C:\Windows\system32\kernel32.dll
0x000007fefc700000 - 0x000007fefc76b000 	C:\Windows\system32\KERNELBASE.dll
0x000007fefe0f0000 - 0x000007fefe1cb000 	C:\Windows\system32\ADVAPI32.dll
0x000007fefcf60000 - 0x000007fefcfff000 	C:\Windows\system32\msvcrt.dll
0x000007fefd030000 - 0x000007fefd04f000 	C:\Windows\SYSTEM32\sechost.dll
0x000007fefdfc0000 - 0x000007fefe0ed000 	C:\Windows\system32\RPCRT4.dll
0x0000000077060000 - 0x000000007715a000 	C:\Windows\system32\USER32.dll
0x000007fefdf50000 - 0x000007fefdfb7000 	C:\Windows\system32\GDI32.dll
0x000007fefe7d0000 - 0x000007fefe7de000 	C:\Windows\system32\LPK.dll
0x000007fefce90000 - 0x000007fefcf59000 	C:\Windows\system32\USP10.dll
0x000007fefafe0000 - 0x000007fefb1d4000 	C:\Windows\WinSxS\amd64_microsoft.windows.common-controls_6595b64144ccf1df_6.0.7601.17514_none_fa396087175ac9ac\COMCTL32.dll
0x000007fefd140000 - 0x000007fefd1b1000 	C:\Windows\system32\SHLWAPI.dll
0x000007fefd000000 - 0x000007fefd02e000 	C:\Windows\system32\IMM32.DLL
0x000007fefe4b0000 - 0x000007fefe5b9000 	C:\Windows\system32\MSCTF.dll
0x0000000062690000 - 0x0000000062761000 	C:\Program Files\Java\jre7\bin\msvcr100.dll
0x0000000061f60000 - 0x0000000062681000 	C:\Program Files\Java\jre7\bin\server\jvm.dll
0x000007fef7720000 - 0x000007fef7729000 	C:\Windows\system32\WSOCK32.dll
0x000007fefd050000 - 0x000007fefd09d000 	C:\Windows\system32\WS2_32.dll
0x000007fefe4a0000 - 0x000007fefe4a8000 	C:\Windows\system32\NSI.dll
0x000007fef9e20000 - 0x000007fef9e5b000 	C:\Windows\system32\WINMM.dll
0x0000000077440000 - 0x0000000077447000 	C:\Windows\system32\PSAPI.DLL
0x00000000727f0000 - 0x00000000727ff000 	C:\Program Files\Java\jre7\bin\verify.dll
0x0000000063030000 - 0x0000000063058000 	C:\Program Files\Java\jre7\bin\java.dll
0x00000000727d0000 - 0x00000000727e5000 	C:\Program Files\Java\jre7\bin\zip.dll
0x000000005fec0000 - 0x0000000060053000 	C:\Program Files\Java\jre7\bin\awt.dll
0x000007fefe7e0000 - 0x000007fefe8b7000 	C:\Windows\system32\OLEAUT32.dll
0x000007fefe5c0000 - 0x000007fefe7c3000 	C:\Windows\system32\ole32.dll
0x000007fefa540000 - 0x000007fefa558000 	C:\Windows\system32\DWMAPI.DLL
0x000007fefac60000 - 0x000007fefacb6000 	C:\Windows\system32\uxtheme.dll
0x000007fefc280000 - 0x000007fefc28f000 	C:\Windows\system32\CRYPTBASE.dll
0x000007fee0a90000 - 0x000007fee0c8f000 	C:\Windows\system32\d3d9.dll
0x000007fefb4d0000 - 0x000007fefb4dc000 	C:\Windows\system32\VERSION.dll
0x000007fefa020000 - 0x000007fefa027000 	C:\Windows\system32\d3d8thk.dll
0x000007fedb6d0000 - 0x000007fedc7f8000 	C:\Windows\system32\nvd3dumx.dll
0x000007fefa810000 - 0x000007fefa83c000 	C:\Windows\system32\powrprof.dll
0x000007fefc9c0000 - 0x000007fefcb97000 	C:\Windows\system32\SETUPAPI.dll
0x000007fefc440000 - 0x000007fefc476000 	C:\Windows\system32\CFGMGR32.dll
0x000007fefc770000 - 0x000007fefc78a000 	C:\Windows\system32\DEVOBJ.dll
0x0000000180000000 - 0x0000000180155000 	C:\Program Files (x86)\NVIDIA Corporation\3D Vision\nvSCPAPI64.dll
0x000007fefd1c0000 - 0x000007fefdf48000 	C:\Windows\system32\SHELL32.dll
0x0000000061af0000 - 0x0000000061b2e000 	C:\Program Files\Java\jre7\bin\fontmanager.dll
0x000000006d5f0000 - 0x000000006d609000 	C:\Program Files\Java\jre7\bin\net.dll
0x000007fefbbc0000 - 0x000007fefbc15000 	C:\Windows\system32\mswsock.dll
0x000007fefbbb0000 - 0x000007fefbbb7000 	C:\Windows\System32\wship6.dll
0x000000006d4f0000 - 0x000000006d501000 	C:\Program Files\Java\jre7\bin\nio.dll
0x0000000061770000 - 0x00000000617b1000 	C:\Program Files\Java\jre7\bin\t2k.dll
0x000007fefe400000 - 0x000007fefe499000 	C:\Windows\system32\CLBCatQ.DLL
0x000007feee620000 - 0x000007feee745000 	C:\Windows\system32\dbghelp.dll

VM Arguments:
jvm_args: -Djava.security.policy=java.policy.applet -Dfile.encoding=Cp1252 
java_command: sun.applet.AppletViewer MainApplet1376608369374.html
Launcher Type: SUN_STANDARD

Environment Variables:
PATH=C:\Program Files (x86)\NVIDIA Corporation\PhysX\Common;C:\Windows\system32;C:\Windows;C:\Windows\System32\Wbem;C:\Windows\System32\WindowsPowerShell\v1.0\;C:\Program Files\Intel\WiFi\bin\;C:\Program Files\Common Files\Intel\WirelessCommon\;c:\Program Files (x86)\Microsoft SQL Server\100\Tools\Binn\;c:\Program Files\Microsoft SQL Server\100\Tools\Binn\;c:\Program Files\Microsoft SQL Server\100\DTS\Binn\;C:\Program Files (x86)\Microsoft ASP.NET\ASP.NET Web Pages\v1.0\;C:\Program Files (x86)\Windows Kits\8.0\Windows Performance Toolkit\;C:\Program Files\Microsoft SQL Server\110\Tools\Binn\;C:\Program Files\Microsoft SQL Server\110\DTS\Binn\;C:\Program Files (x86)\Microsoft SQL Server\110\Tools\Binn\;C:\Program Files (x86)\Microsoft SQL Server\110\Tools\Binn\ManagementStudio\;C:\Program Files (x86)\Microsoft Visual Studio 10.0\Common7\IDE\PrivateAssemblies\;C:\Program Files (x86)\Microsoft SQL Server\110\DTS\Binn\;C:\Program Files\Microsoft\Web Platform Installer\;C:\Program Files\Intel\WiFi\bin\;C:\Program Files\Common Files\Intel\WirelessCommon\;c:\Program Files\Saxonica\SaxonHE9.5N\bin
USERNAME=Becky
OS=Windows_NT
PROCESSOR_IDENTIFIER=Intel64 Family 6 Model 42 Stepping 7, GenuineIntel



---------------  S Y S T E M  ---------------

OS: Windows 7 , 64 bit Build 7601 Service Pack 1

CPU:total 8 (4 cores per cpu, 2 threads per core) family 6 model 42 stepping 7, cmov, cx8, fxsr, mmx, sse, sse2, sse3, ssse3, sse4.1, sse4.2, popcnt, avx, ht, tsc, tscinvbit

Memory: 4k page, physical 16753828k(12414352k free), swap 33505796k(27308132k free)

vm_info: Java HotSpot(TM) 64-Bit Server VM (23.21-b01) for windows-amd64 JRE (1.7.0_21-b11), built on Apr  4 2013 08:11:28 by "java_re" with unknown MS VC++:1600

time: Thu Aug 15 19:12:57 2013
elapsed time: 8 seconds

