#
# A fatal error has been detected by the Java Runtime Environment:
#
#  EXCEPTION_ACCESS_VIOLATION (0xc0000005) at pc=0x0000000066820fb0, pid=7060, tid=6672
#
# JRE version: 7.0_21-b11
# Java VM: Java HotSpot(TM) 64-Bit Server VM (23.21-b01 mixed mode windows-amd64 compressed oops)
# Problematic frame:
# V  [jvm.dll+0x80fb0]
#
# Failed to write core dump. Minidumps are not enabled by default on client versions of Windows
#
# If you would like to submit a bug report, please visit:
#   http://bugreport.sun.com/bugreport/crash.jsp
#

---------------  T H R E A D  ---------------

Current thread (0x00000000132a6800):  JavaThread "AWT-EventQueue-1" [_thread_in_vm, id=6672, stack(0x0000000017020000,0x0000000017120000)]

siginfo: ExceptionCode=0xc0000005, reading address 0x0000000000000f74

Registers:
RAX=0x000000001324a888, RBX=0x000000001324a880, RCX=0x0000000000000f48, RDX=0x000000001324a870
RSP=0x000000001711c340, RBP=0x000000000000019a, RSI=0x00000000132a1c20, RDI=0x0000000000000000
R8 =0x000000001324a868, R9 =0x000000001324a840, R10=0x0000000000142c70, R11=0x000000001711c418
R12=0x00000000132a6800, R13=0x0000000000000f48, R14=0x0000000000000001, R15=0x000000001711c560
RIP=0x0000000066820fb0, EFLAGS=0x0000000000010202

Top of Stack: (sp=0x000000001711c340)
0x000000001711c340:   00009ad07d474007 000000001711c500
0x000000001711c350:   000000001711c4c0 000000006696c78f
0x000000001711c360:   000000001711c3f8 000000001324a860
0x000000001711c370:   00009ad07d474047 00000006fb6a4251
0x000000001711c380:   00000000132a6800 00000006fb920c90
0x000000001711c390:   000000001324a858 00000000132a1c20
0x000000001711c3a0:   000000001303d300 000000001303b950
0x000000001711c3b0:   000000001711c560 0000000066821bda
0x000000001711c3c0:   00000000132a6800 000000001324a870
0x000000001711c3d0:   000000001324a858 000000001711c480
0x000000001711c3e0:   000000001324a868 0000000066852101
0x000000001711c3f0:   00000000132a6800 00000000132a6800
0x000000001711c400:   000000001324a870 0000000000000000
0x000000001711c410:   000000001324a860 0000000066822fae
0x000000001711c420:   000000001324a868 000000001324a840
0x000000001711c430:   000000001324a868 000000001324a858 

Instructions: (pc=0x0000000066820fb0)
0x0000000066820f90:   9f 00 00 48 89 6e 08 4c 89 6e 10 4c 89 76 18 e9
0x0000000066820fa0:   d7 00 00 00 45 84 f6 0f 84 ad 00 00 00 48 8b 0b
0x0000000066820fb0:   8b 41 2c c1 e8 0a a8 01 0f 84 9c 00 00 00 49 8b
0x0000000066820fc0:   b4 24 08 01 00 00 48 8b 41 10 48 8b 49 18 0f b7 


Register to memory mapping:

RAX=0x000000001324a888 is an unknown value
RBX=0x000000001324a880 is an unknown value
RCX=0x0000000000000f48 is an unknown value
RDX=0x000000001324a870 is an unknown value
RSP=0x000000001711c340 is pointing into the stack for thread: 0x00000000132a6800
RBP=0x000000000000019a is an unknown value
RSI=0x00000000132a1c20 is an unknown value
RDI=0x0000000000000000 is an unknown value
R8 =0x000000001324a868 is an unknown value
R9 =0x000000001324a840 is an unknown value
R10=0x0000000000142c70 is an unknown value
R11=0x000000001711c418 is pointing into the stack for thread: 0x00000000132a6800
R12=0x00000000132a6800 is a thread
R13=0x0000000000000f48 is an unknown value
R14=0x0000000000000001 is an unknown value
R15=0x000000001711c560 is pointing into the stack for thread: 0x00000000132a6800


Stack: [0x0000000017020000,0x0000000017120000],  sp=0x000000001711c340,  free space=1008k
Native frames: (J=compiled Java code, j=interpreted, Vv=VM code, C=native code)
V  [jvm.dll+0x80fb0]

Java frames: (J=compiled Java code, j=interpreted, Vv=VM code)
j  java.awt.DefaultKeyboardFocusManager.dispatchEvent(Ljava/awt/AWTEvent;)Z+1395
j  java.awt.Component.dispatchEventImpl(Ljava/awt/AWTEvent;)V+144
j  java.awt.Container.dispatchEventImpl(Ljava/awt/AWTEvent;)V+42
j  java.awt.Window.dispatchEventImpl(Ljava/awt/AWTEvent;)V+19
j  java.awt.Component.dispatchEvent(Ljava/awt/AWTEvent;)V+2
j  java.awt.EventQueue.dispatchEventImpl(Ljava/awt/AWTEvent;Ljava/lang/Object;)V+41
j  java.awt.EventQueue.access$200(Ljava/awt/EventQueue;Ljava/awt/AWTEvent;Ljava/lang/Object;)V+3
j  java.awt.EventQueue$3.run()Ljava/lang/Void;+12
j  java.awt.EventQueue$3.run()Ljava/lang/Object;+1
v  ~StubRoutines::call_stub
j  java.security.AccessController.doPrivileged(Ljava/security/PrivilegedAction;Ljava/security/AccessControlContext;)Ljava/lang/Object;+0
j  java.security.ProtectionDomain$1.doIntersectionPrivilege(Ljava/security/PrivilegedAction;Ljava/security/AccessControlContext;Ljava/security/AccessControlContext;)Ljava/lang/Object;+28
j  java.security.ProtectionDomain$1.doIntersectionPrivilege(Ljava/security/PrivilegedAction;Ljava/security/AccessControlContext;)Ljava/lang/Object;+6
j  java.awt.EventQueue$4.run()Ljava/lang/Void;+11
j  java.awt.EventQueue$4.run()Ljava/lang/Object;+1
v  ~StubRoutines::call_stub
j  java.security.AccessController.doPrivileged(Ljava/security/PrivilegedAction;Ljava/security/AccessControlContext;)Ljava/lang/Object;+0
j  java.security.ProtectionDomain$1.doIntersectionPrivilege(Ljava/security/PrivilegedAction;Ljava/security/AccessControlContext;Ljava/security/AccessControlContext;)Ljava/lang/Object;+28
j  java.awt.EventQueue.dispatchEvent(Ljava/awt/AWTEvent;)V+73
j  java.awt.SequencedEvent.dispatch()V+110
j  java.awt.EventQueue.dispatchEventImpl(Ljava/awt/AWTEvent;Ljava/lang/Object;)V+21
j  java.awt.EventQueue.access$200(Ljava/awt/EventQueue;Ljava/awt/AWTEvent;Ljava/lang/Object;)V+3
j  java.awt.EventQueue$3.run()Ljava/lang/Void;+12
j  java.awt.EventQueue$3.run()Ljava/lang/Object;+1
v  ~StubRoutines::call_stub
j  java.security.AccessController.doPrivileged(Ljava/security/PrivilegedAction;Ljava/security/AccessControlContext;)Ljava/lang/Object;+0
j  java.security.ProtectionDomain$1.doIntersectionPrivilege(Ljava/security/PrivilegedAction;Ljava/security/AccessControlContext;Ljava/security/AccessControlContext;)Ljava/lang/Object;+28
j  java.security.ProtectionDomain$1.doIntersectionPrivilege(Ljava/security/PrivilegedAction;Ljava/security/AccessControlContext;)Ljava/lang/Object;+6
j  java.awt.EventQueue$4.run()Ljava/lang/Void;+11
j  java.awt.EventQueue$4.run()Ljava/lang/Object;+1
v  ~StubRoutines::call_stub
j  java.security.AccessController.doPrivileged(Ljava/security/PrivilegedAction;Ljava/security/AccessControlContext;)Ljava/lang/Object;+0
j  java.security.ProtectionDomain$1.doIntersectionPrivilege(Ljava/security/PrivilegedAction;Ljava/security/AccessControlContext;Ljava/security/AccessControlContext;)Ljava/lang/Object;+28
j  java.awt.EventQueue.dispatchEvent(Ljava/awt/AWTEvent;)V+73
j  java.awt.EventDispatchThread.pumpOneEventForFilters(I)V+245
j  java.awt.EventDispatchThread.pumpEventsForFilter(ILjava/awt/Conditional;Ljava/awt/EventFilter;)V+35
j  java.awt.EventDispatchThread.pumpEventsForHierarchy(ILjava/awt/Conditional;Ljava/awt/Component;)V+11
j  java.awt.EventDispatchThread.pumpEvents(ILjava/awt/Conditional;)V+4
j  java.awt.EventDispatchThread.pumpEvents(Ljava/awt/Conditional;)V+3
j  java.awt.EventDispatchThread.run()V+9
v  ~StubRoutines::call_stub

---------------  P R O C E S S  ---------------

Java Threads: ( => current thread )
  0x000000001796a800 JavaThread "Direct Clip" daemon [_thread_blocked, id=1128, stack(0x0000000019b00000,0x0000000019c00000)]
  0x00000000179a6000 JavaThread "Direct Clip" daemon [_thread_blocked, id=6576, stack(0x00000000196b0000,0x00000000197b0000)]
  0x00000000179a5000 JavaThread "Java Sound Event Dispatcher" daemon [_thread_blocked, id=6136, stack(0x0000000018c50000,0x0000000018d50000)]
  0x0000000017ad2000 JavaThread "TimerQueue" daemon [_thread_blocked, id=5300, stack(0x0000000018200000,0x0000000018300000)]
  0x00000000132a7800 JavaThread "D3D Screen Updater" daemon [_thread_blocked, id=2004, stack(0x0000000017420000,0x0000000017520000)]
=>0x00000000132a6800 JavaThread "AWT-EventQueue-1" [_thread_in_vm, id=6672, stack(0x0000000017020000,0x0000000017120000)]
  0x0000000001c1d000 JavaThread "DestroyJavaVM" [_thread_blocked, id=5564, stack(0x0000000001f00000,0x0000000002000000)]
  0x000000001323f000 JavaThread "AWT-EventQueue-0" [_thread_blocked, id=3712, stack(0x00000000156c0000,0x00000000157c0000)]
  0x0000000013228800 JavaThread "thread applet-MainApplet.class" [_thread_blocked, id=6980, stack(0x0000000015860000,0x0000000015960000)]
  0x0000000013202000 JavaThread "AWT-Windows" daemon [_thread_in_native, id=3668, stack(0x0000000013f50000,0x0000000014050000)]
  0x00000000131ff000 JavaThread "AWT-Shutdown" [_thread_blocked, id=5988, stack(0x0000000013da0000,0x0000000013ea0000)]
  0x00000000131d2000 JavaThread "Java2D Disposer" daemon [_thread_blocked, id=3552, stack(0x0000000013b30000,0x0000000013c30000)]
  0x000000001301e000 JavaThread "Service Thread" daemon [_thread_blocked, id=6232, stack(0x0000000013900000,0x0000000013a00000)]
  0x0000000013017000 JavaThread "C2 CompilerThread1" daemon [_thread_blocked, id=5928, stack(0x0000000013a00000,0x0000000013b00000)]
  0x0000000013010000 JavaThread "C2 CompilerThread0" daemon [_thread_blocked, id=7124, stack(0x0000000013760000,0x0000000013860000)]
  0x000000001300b000 JavaThread "Attach Listener" daemon [_thread_blocked, id=6608, stack(0x0000000013590000,0x0000000013690000)]
  0x000000001300a000 JavaThread "Signal Dispatcher" daemon [_thread_blocked, id=6748, stack(0x0000000013400000,0x0000000013500000)]
  0x0000000010f67800 JavaThread "Finalizer" daemon [_thread_blocked, id=4736, stack(0x0000000012ec0000,0x0000000012fc0000)]
  0x0000000010f5f000 JavaThread "Reference Handler" daemon [_thread_blocked, id=4620, stack(0x0000000012d00000,0x0000000012e00000)]

Other Threads:
  0x0000000010f55800 VMThread [stack: 0x0000000012b50000,0x0000000012c50000] [id=2036]
  0x0000000013036800 WatcherThread [stack: 0x0000000013c60000,0x0000000013d60000] [id=3012]

VM state:not at safepoint (normal execution)

VM Mutex/Monitor currently owned by a thread: None

Heap
 PSYoungGen      total 76352K, used 39132K [0x00000007aac00000, 0x00000007b0130000, 0x0000000800000000)
  eden space 65472K, 59% used [0x00000007aac00000,0x00000007ad237378,0x00000007aebf0000)
  from space 10880K, 0% used [0x00000007af690000,0x00000007af690000,0x00000007b0130000)
  to   space 10880K, 0% used [0x00000007aebf0000,0x00000007aebf0000,0x00000007af690000)
 ParOldGen       total 174592K, used 0K [0x0000000700400000, 0x000000070ae80000, 0x00000007aac00000)
  object space 174592K, 0% used [0x0000000700400000,0x0000000700400000,0x000000070ae80000)
 PSPermGen       total 21248K, used 12021K [0x00000006fb200000, 0x00000006fc6c0000, 0x0000000700400000)
  object space 21248K, 56% used [0x00000006fb200000,0x00000006fbdbd600,0x00000006fc6c0000)

Card table byte_map: [0x0000000005000000,0x0000000005830000] byte_map_base: 0x0000000001827000

Polling page: 0x0000000000300000

Code Cache  [0x0000000002000000, 0x0000000002270000, 0x0000000005000000)
 total_blobs=570 nmethods=131 adapters=390 free_code_cache=48414Kb largest_free_block=49548928

Compilation events (10 events):
Event: 13.278 Thread 0x0000000013010000  128   !         sun.font.FontDesignMetrics::getMetrics (266 bytes)
Event: 13.335 Thread 0x0000000013010000 nmethod 128 0x00000000020b2a90 code [0x00000000020b2de0, 0x00000000020b4330]
Event: 13.350 Thread 0x0000000013010000  130             javax.swing.plaf.basic.BasicTextUI$RootView::getContainer (8 bytes)
Event: 13.350 Thread 0x0000000013017000  129             javax.swing.text.View::getContainer (18 bytes)
Event: 13.352 Thread 0x0000000013010000 nmethod 130 0x00000000020a8b90 code [0x00000000020a8cc0, 0x00000000020a8d38]
Event: 13.352 Thread 0x0000000013017000 nmethod 129 0x00000000020a8890 code [0x00000000020a89e0, 0x00000000020a8a98]
Event: 13.364 Thread 0x0000000013010000  131             javax.swing.text.SegmentCache::getSharedInstance (4 bytes)
Event: 13.364 Thread 0x0000000013010000 nmethod 131 0x00000000020a8690 code [0x00000000020a87c0, 0x00000000020a8818]
Event: 13.393 Thread 0x0000000013017000  132             java.security.AccessControlContext::optimize (319 bytes)
Event: 13.424 Thread 0x0000000013017000 nmethod 132 0x00000000020ae8d0 code [0x00000000020aea40, 0x00000000020af448]

GC Heap History (0 events):
No events

Deoptimization events (5 events):
Event: 1.986 Thread 0x00000000132a6800 Uncommon trap -58 fr.pc 0x0000000002091c74
Event: 1.988 Thread 0x00000000132a6800 Uncommon trap -58 fr.pc 0x0000000002091c74
Event: 1.991 Thread 0x000000001799d000 Uncommon trap -58 fr.pc 0x0000000002091c74
Event: 1.998 Thread 0x000000001799d000 Uncommon trap -83 fr.pc 0x000000000208ed44
Event: 2.094 Thread 0x000000001799d000 Uncommon trap -83 fr.pc 0x000000000208e934

Internal exceptions (10 events):
Event: 1.385 Thread 0x00000000132a6800 Threw 0x00000007ab64f0d0 at C:\jdk7u2_64p\jdk7u21\hotspot\src\share\vm\prims\jvm.cpp:1166
Event: 1.449 Thread 0x00000000132a6800 Threw 0x00000007ab69fcf0 at C:\jdk7u2_64p\jdk7u21\hotspot\src\share\vm\prims\jvm.cpp:1166
Event: 1.451 Thread 0x00000000132a6800 Threw 0x00000007ab6a1178 at C:\jdk7u2_64p\jdk7u21\hotspot\src\share\vm\prims\jvm.cpp:1166
Event: 1.455 Thread 0x00000000132a6800 Threw 0x00000007ab6acc10 at C:\jdk7u2_64p\jdk7u21\hotspot\src\share\vm\prims\jvm.cpp:1166
Event: 1.456 Thread 0x00000000132a6800 Threw 0x00000007ab6ae098 at C:\jdk7u2_64p\jdk7u21\hotspot\src\share\vm\prims\jvm.cpp:1166
Event: 1.985 Thread 0x00000000132a6800 Threw 0x00000007abfac910 at C:\jdk7u2_64p\jdk7u21\hotspot\src\share\vm\prims\jvm.cpp:1166
Event: 1.987 Thread 0x00000000132a6800 Threw 0x00000007abfae968 at C:\jdk7u2_64p\jdk7u21\hotspot\src\share\vm\prims\jvm.cpp:1166
Event: 1.989 Thread 0x000000001799d000 Threw 0x00000007ac050010 at C:\jdk7u2_64p\jdk7u21\hotspot\src\share\vm\prims\jvm.cpp:1166
Event: 1.998 Thread 0x000000001799d000 Implicit null exception at 0x000000000208ec97 to 0x000000000208ed31
Event: 2.094 Thread 0x000000001799d000 Implicit null exception at 0x000000000208e894 to 0x000000000208e919

Events (10 events):
Event: 7.189 Executing VM operation: BulkRevokeBias done
Event: 7.215 Executing VM operation: BulkRevokeBias
Event: 7.215 Executing VM operation: BulkRevokeBias done
Event: 7.933 Executing VM operation: BulkRevokeBias
Event: 7.933 Executing VM operation: BulkRevokeBias done
Event: 7.934 Executing VM operation: BulkRevokeBias
Event: 7.934 Executing VM operation: BulkRevokeBias done
Event: 8.184 Executing VM operation: BulkRevokeBias
Event: 8.184 Executing VM operation: BulkRevokeBias done
Event: 8.185 Thread 0x0000000013010000 flushing nmethod 0x000000000208eb10


Dynamic libraries:
0x000000013fc80000 - 0x000000013fcb3000 	C:\Program Files\Java\jre7\bin\javaw.exe
0x0000000077680000 - 0x0000000077829000 	C:\Windows\SYSTEM32\ntdll.dll
0x0000000077460000 - 0x000000007757f000 	C:\Windows\system32\kernel32.dll
0x000007fefc920000 - 0x000007fefc98b000 	C:\Windows\system32\KERNELBASE.dll
0x000007fefe5a0000 - 0x000007fefe67b000 	C:\Windows\system32\ADVAPI32.dll
0x000007fefcf90000 - 0x000007fefd02f000 	C:\Windows\system32\msvcrt.dll
0x000007fefccf0000 - 0x000007fefcd0f000 	C:\Windows\SYSTEM32\sechost.dll
0x000007fefdf40000 - 0x000007fefe06d000 	C:\Windows\system32\RPCRT4.dll
0x0000000077580000 - 0x000000007767a000 	C:\Windows\system32\USER32.dll
0x000007fefded0000 - 0x000007fefdf37000 	C:\Windows\system32\GDI32.dll
0x000007fefe070000 - 0x000007fefe07e000 	C:\Windows\system32\LPK.dll
0x000007fefe8e0000 - 0x000007fefe9a9000 	C:\Windows\system32\USP10.dll
0x000007fefb210000 - 0x000007fefb404000 	C:\Windows\WinSxS\amd64_microsoft.windows.common-controls_6595b64144ccf1df_6.0.7601.17514_none_fa396087175ac9ac\COMCTL32.dll
0x000007fefec40000 - 0x000007fefecb1000 	C:\Windows\system32\SHLWAPI.dll
0x000007fefd110000 - 0x000007fefd13e000 	C:\Windows\system32\IMM32.DLL
0x000007fefe490000 - 0x000007fefe599000 	C:\Windows\system32\MSCTF.dll
0x0000000066ed0000 - 0x0000000066fa1000 	C:\Program Files\Java\jre7\bin\msvcr100.dll
0x00000000667a0000 - 0x0000000066ec1000 	C:\Program Files\Java\jre7\bin\server\jvm.dll
0x000007fef7b20000 - 0x000007fef7b29000 	C:\Windows\system32\WSOCK32.dll
0x000007fefcca0000 - 0x000007fefcced000 	C:\Windows\system32\WS2_32.dll
0x000007fefe8b0000 - 0x000007fefe8b8000 	C:\Windows\system32\NSI.dll
0x000007fefa200000 - 0x000007fefa23b000 	C:\Windows\system32\WINMM.dll
0x0000000077840000 - 0x0000000077847000 	C:\Windows\system32\PSAPI.DLL
0x0000000067240000 - 0x000000006724f000 	C:\Program Files\Java\jre7\bin\verify.dll
0x0000000066770000 - 0x0000000066798000 	C:\Program Files\Java\jre7\bin\java.dll
0x0000000066750000 - 0x0000000066765000 	C:\Program Files\Java\jre7\bin\zip.dll
0x000000005eab0000 - 0x000000005ec43000 	C:\Program Files\Java\jre7\bin\awt.dll
0x000007fefd030000 - 0x000007fefd107000 	C:\Windows\system32\OLEAUT32.dll
0x000007fefe280000 - 0x000007fefe483000 	C:\Windows\system32\ole32.dll
0x000007fefa9c0000 - 0x000007fefa9d8000 	C:\Windows\system32\DWMAPI.DLL
0x000007fefadd0000 - 0x000007fefae26000 	C:\Windows\system32\uxtheme.dll
0x000007fefc680000 - 0x000007fefc68f000 	C:\Windows\system32\CRYPTBASE.dll
0x000007feef040000 - 0x000007feef23f000 	C:\Windows\system32\d3d9.dll
0x000007fefb8d0000 - 0x000007fefb8dc000 	C:\Windows\system32\VERSION.dll
0x000007fefa170000 - 0x000007fefa177000 	C:\Windows\system32\d3d8thk.dll
0x000007fedbb00000 - 0x000007fedcc28000 	C:\Windows\system32\nvd3dumx.dll
0x000007fefb520000 - 0x000007fefb54c000 	C:\Windows\system32\powrprof.dll
0x000007fefcdb0000 - 0x000007fefcf87000 	C:\Windows\system32\SETUPAPI.dll
0x000007fefc990000 - 0x000007fefc9c6000 	C:\Windows\system32\CFGMGR32.dll
0x000007fefc9f0000 - 0x000007fefca0a000 	C:\Windows\system32\DEVOBJ.dll
0x0000000180000000 - 0x0000000180155000 	C:\Program Files (x86)\NVIDIA Corporation\3D Vision\nvSCPAPI64.dll
0x000007fefd140000 - 0x000007fefdec8000 	C:\Windows\system32\SHELL32.dll
0x000000005ea70000 - 0x000000005eaae000 	C:\Program Files\Java\jre7\bin\fontmanager.dll
0x0000000066730000 - 0x0000000066749000 	C:\Program Files\Java\jre7\bin\net.dll
0x000007fefbfc0000 - 0x000007fefc015000 	C:\Windows\system32\mswsock.dll
0x000007fefbfb0000 - 0x000007fefbfb7000 	C:\Windows\System32\wship6.dll
0x0000000066710000 - 0x0000000066721000 	C:\Program Files\Java\jre7\bin\nio.dll
0x0000000059250000 - 0x0000000059291000 	C:\Program Files\Java\jre7\bin\t2k.dll
0x000007fefcd10000 - 0x000007fefcda9000 	C:\Windows\system32\CLBCatQ.DLL
0x0000000059220000 - 0x0000000059250000 	C:\Program Files\Java\jre7\bin\jpeg.dll
0x000000005ea60000 - 0x000000005ea6c000 	C:\Program Files\Java\jre7\bin\jsound.dll
0x000000005ea30000 - 0x000000005ea3b000 	C:\Program Files\Java\jre7\bin\jsoundds.dll
0x000007feef7e0000 - 0x000007feef868000 	C:\Windows\system32\DSOUND.dll
0x000007fefb110000 - 0x000007fefb15b000 	C:\Windows\system32\MMDevAPI.DLL
0x000007fefafe0000 - 0x000007fefb10c000 	C:\Windows\system32\PROPSYS.dll
0x000007fefa190000 - 0x000007fefa1cb000 	C:\Windows\system32\wdmaud.drv
0x0000000075110000 - 0x0000000075116000 	C:\Windows\system32\ksuser.dll
0x000007fefafd0000 - 0x000007fefafd9000 	C:\Windows\system32\AVRT.dll
0x000007fef9a90000 - 0x000007fef9adf000 	C:\Windows\system32\AUDIOSES.DLL
0x000007fef9f50000 - 0x000007fef9f5a000 	C:\Windows\system32\msacm32.drv
0x000007fef9a70000 - 0x000007fef9a88000 	C:\Windows\system32\MSACM32.dll
0x000007fef9a60000 - 0x000007fef9a69000 	C:\Windows\system32\midimap.dll
0x000007feedf00000 - 0x000007feee025000 	C:\Windows\system32\dbghelp.dll

VM Arguments:
jvm_args: -Djava.security.policy=java.policy.applet -Dfile.encoding=Cp1252 
java_command: sun.applet.AppletViewer MainApplet1376693691473.html
Launcher Type: SUN_STANDARD

Environment Variables:
PATH=C:\Program Files (x86)\NVIDIA Corporation\PhysX\Common;C:\Windows\system32;C:\Windows;C:\Windows\System32\Wbem;C:\Windows\System32\WindowsPowerShell\v1.0\;C:\Program Files\Intel\WiFi\bin\;C:\Program Files\Common Files\Intel\WirelessCommon\;c:\Program Files (x86)\Microsoft SQL Server\100\Tools\Binn\;c:\Program Files\Microsoft SQL Server\100\Tools\Binn\;c:\Program Files\Microsoft SQL Server\100\DTS\Binn\;C:\Program Files (x86)\Microsoft ASP.NET\ASP.NET Web Pages\v1.0\;C:\Program Files (x86)\Windows Kits\8.0\Windows Performance Toolkit\;C:\Program Files\Microsoft SQL Server\110\Tools\Binn\;C:\Program Files\Microsoft SQL Server\110\DTS\Binn\;C:\Program Files (x86)\Microsoft SQL Server\110\Tools\Binn\;C:\Program Files (x86)\Microsoft SQL Server\110\Tools\Binn\ManagementStudio\;C:\Program Files (x86)\Microsoft Visual Studio 10.0\Common7\IDE\PrivateAssemblies\;C:\Program Files (x86)\Microsoft SQL Server\110\DTS\Binn\;C:\Program Files\Microsoft\Web Platform Installer\;C:\Program Files\Intel\WiFi\bin\;C:\Program Files\Common Files\Intel\WirelessCommon\;c:\Program Files\Saxonica\SaxonHE9.5N\bin
USERNAME=Becky
OS=Windows_NT
PROCESSOR_IDENTIFIER=Intel64 Family 6 Model 42 Stepping 7, GenuineIntel



---------------  S Y S T E M  ---------------

OS: Windows 7 , 64 bit Build 7601 Service Pack 1

CPU:total 8 (4 cores per cpu, 2 threads per core) family 6 model 42 stepping 7, cmov, cx8, fxsr, mmx, sse, sse2, sse3, ssse3, sse4.1, sse4.2, popcnt, avx, ht, tsc, tscinvbit

Memory: 4k page, physical 16753828k(12093592k free), swap 33505796k(26887428k free)

vm_info: Java HotSpot(TM) 64-Bit Server VM (23.21-b01) for windows-amd64 JRE (1.7.0_21-b11), built on Apr  4 2013 08:11:28 by "java_re" with unknown MS VC++:1600

time: Fri Aug 16 18:55:05 2013
elapsed time: 13 seconds

